TN:
SF:app/form_validator.js
FN:1,isValidCommaDelimitedList
FN:7,isValidTagmode
FN:11,hasValidFlickrAPIParams
FNF:3
FNH:3
FNDA:11,isValidCommaDelimitedList
FNDA:8,isValidTagmode
FNDA:7,hasValidFlickrAPIParams
DA:3,11
DA:4,11
DA:8,8
DA:12,7
DA:15,2
LF:5
LH:5
BRDA:8,0,0,8
BRDA:8,0,1,3
BRDA:12,1,0,7
BRDA:12,1,1,5
BRF:4
BRH:4
end_of_record
TN:
SF:app/jsonp_helper.js
FN:1,parseJSONP
FNF:1
FNH:1
FNDA:5,parseJSONP
DA:2,5
DA:3,5
DA:4,5
DA:5,5
DA:8,5
DA:10,5
DA:12,2
DA:13,2
DA:17,4
LF:9
LH:9
BRF:0
BRH:0
end_of_record
TN:
SF:app/photo_model.js
FN:5,getFlickrPhotos
FN:10,(anonymous_1)
FN:13,(anonymous_2)
FNF:3
FNH:3
FNDA:3,getFlickrPhotos
FNDA:2,(anonymous_1)
FNDA:2,(anonymous_2)
DA:1,3
DA:2,3
DA:3,3
DA:6,3
DA:8,3
DA:10,3
DA:11,2
DA:13,1
DA:14,2
DA:15,2
DA:18,1
DA:22,3
LF:12
LH:12
BRF:0
BRH:0
end_of_record
TN:
SF:app/pubsub-producer.js
FN:7,publishMessage
FNF:1
FNH:1
FNDA:3,publishMessage
DA:1,2
DA:3,2
DA:8,3
DA:9,3
DA:11,3
DA:15,3
DA:17,3
DA:18,3
DA:19,2
DA:20,2
DA:22,1
DA:23,1
DA:27,2
LF:13
LH:13
BRF:0
BRH:0
end_of_record
TN:
SF:app/route.js
FN:5,route
FN:6,(anonymous_1)
FN:35,(anonymous_2)
FN:45,(anonymous_3)
FN:51,(anonymous_4)
FN:68,(anonymous_5)
FNF:6
FNH:6
FNDA:1,route
FNDA:5,(anonymous_1)
FNDA:2,(anonymous_2)
FNDA:1,(anonymous_3)
FNDA:3,(anonymous_4)
FNDA:3,(anonymous_5)
DA:1,1
DA:2,1
DA:3,1
DA:6,1
DA:7,5
DA:8,5
DA:9,5
DA:11,5
DA:22,5
DA:23,1
DA:27,4
DA:28,1
DA:29,1
DA:33,3
DA:36,2
DA:37,2
DA:39,2
DA:40,1
DA:43,2
DA:46,1
DA:47,1
DA:51,1
DA:52,3
DA:53,3
DA:55,3
DA:56,1
DA:59,2
DA:60,2
DA:61,1
DA:63,1
DA:64,1
DA:68,1
DA:69,3
DA:71,3
DA:72,1
DA:75,2
DA:77,2
DA:84,1
LF:38
LH:38
BRDA:12,0,0,5
BRDA:12,0,1,1
BRDA:13,1,0,5
BRDA:13,1,1,1
BRDA:22,2,0,1
BRDA:22,2,1,4
BRDA:22,3,0,5
BRDA:22,3,1,1
BRDA:27,4,0,1
BRDA:27,4,1,3
BRDA:39,5,0,1
BRDA:39,5,1,1
BRDA:39,6,0,2
BRDA:39,6,1,2
BRDA:53,7,0,3
BRDA:53,7,1,3
BRDA:55,8,0,1
BRDA:55,8,1,2
BRDA:71,9,0,1
BRDA:71,9,1,2
BRDA:75,10,0,2
BRDA:75,10,1,2
BRDA:79,11,0,2
BRDA:79,11,1,1
BRF:24
BRH:24
end_of_record
TN:
SF:app/server.js
FNF:0
FNH:0
DA:1,1
DA:2,1
DA:3,1
DA:4,1
DA:6,1
DA:8,1
DA:9,1
DA:10,1
DA:12,1
DA:13,1
DA:14,1
DA:16,1
DA:18,1
DA:19,1
DA:22,1
DA:23,1
DA:24,1
DA:26,1
LF:18
LH:18
BRDA:22,0,0,1
BRDA:22,0,1,1
BRF:2
BRH:2
end_of_record
